<?xml version="1.0" encoding="UTF-8"?>
<!-- Generated by org.testng.reporters.JUnitReportReporter -->
<testsuite hostname="NTBK5" failures="0" tests="2" name="TestJunit.TestConexionBD" time="0.021" errors="0" timestamp="2020-10-25T08:36:21 CLST" skipped="0">
  <testcase classname="TestJunit.TestConexionBD" name="testConectar2" time="0.001"/>
  <system-out/>
  <testcase classname="TestJunit.TestConexionBD" name="testConectar1" time="0.020"/>
  <system-out/>
</testsuite> <!-- TestJunit.TestConexionBD -->
